Flow report for HX1006A_HDRVSoC_top
Sat Jun 19 12:32:26 2021
Quartus Prime Version 20.1.1 Build 720 11/11/2020 SJ Lite Edition


---------------------
; Table of Contents ;
---------------------
  1. Legal Notice
  2. Flow Summary
  3. Flow Settings
  4. Flow Non-Default Global Settings
  5. Flow Elapsed Time
  6. Flow OS Summary
  7. Flow Log
  8. Flow Messages
  9. Flow Suppressed Messages



----------------
; Legal Notice ;
----------------
Copyright (C) 2020  Intel Corporation. All rights reserved.
Your use of Intel Corporation's design tools, logic functions 
and other software and tools, and any partner logic 
functions, and any output files from any of the foregoing 
(including device programming or simulation files), and any 
associated documentation or information are expressly subject 
to the terms and conditions of the Intel Program License 
Subscription Agreement, the Intel Quartus Prime License Agreement,
the Intel FPGA IP License Agreement, or other applicable license
agreement, including, without limitation, that your use is for
the sole purpose of programming logic devices manufactured by
Intel and sold by Intel or its authorized distributors.  Please
refer to the applicable agreement for further details, at
https://fpgasoftware.intel.com/eula.



+----------------------------------------------------------------------------------+
; Flow Summary                                                                     ;
+------------------------------------+---------------------------------------------+
; Flow Status                        ; Successful - Sat Jun 19 12:32:26 2021       ;
; Quartus Prime Version              ; 20.1.1 Build 720 11/11/2020 SJ Lite Edition ;
; Revision Name                      ; HX1006A_HDRVSoC_top                         ;
; Top-level Entity Name              ; HX1006A_HDRVSoC_top                         ;
; Family                             ; Cyclone 10 LP                               ;
; Device                             ; 10CL006YU256C8G                             ;
; Timing Models                      ; Final                                       ;
; Total logic elements               ; 4,157 / 6,272 ( 66 % )                      ;
;     Total combinational functions  ; 3,987 / 6,272 ( 64 % )                      ;
;     Dedicated logic registers      ; 1,086 / 6,272 ( 17 % )                      ;
; Total registers                    ; 1086                                        ;
; Total pins                         ; 21 / 177 ( 12 % )                           ;
; Total virtual pins                 ; 0                                           ;
; Total memory bits                  ; 125,952 / 276,480 ( 46 % )                  ;
; Embedded Multiplier 9-bit elements ; 0 / 30 ( 0 % )                              ;
; Total PLLs                         ; 1 / 2 ( 50 % )                              ;
+------------------------------------+---------------------------------------------+


+-----------------------------------------+
; Flow Settings                           ;
+-------------------+---------------------+
; Option            ; Setting             ;
+-------------------+---------------------+
; Start date & time ; 06/19/2021 12:31:29 ;
; Main task         ; Compilation         ;
; Revision Name     ; HX1006A_HDRVSoC_top ;
+-------------------+---------------------+


+-------------------------------------------------------------------------------------------------------------------------------+
; Flow Non-Default Global Settings                                                                                              ;
+--------------------------------------+-----------------------------------------+---------------+-------------+----------------+
; Assignment Name                      ; Value                                   ; Default Value ; Entity Name ; Section Id     ;
+--------------------------------------+-----------------------------------------+---------------+-------------+----------------+
; COMPILER_SIGNATURE_ID                ; 154027286795321.162407708918004         ; --            ; --          ; --             ;
; EDA_DESIGN_INSTANCE_NAME             ; NA                                      ; --            ; --          ; tb_soc         ;
; EDA_GENERATE_FUNCTIONAL_NETLIST      ; On                                      ; --            ; --          ; eda_simulation ;
; EDA_NATIVELINK_SIMULATION_TEST_BENCH ; tb_soc                                  ; --            ; --          ; eda_simulation ;
; EDA_OUTPUT_DATA_FORMAT               ; Systemverilog Hdl                       ; --            ; --          ; eda_simulation ;
; EDA_SIMULATION_TOOL                  ; ModelSim-Altera (SystemVerilog)         ; <None>        ; --          ; --             ;
; EDA_TEST_BENCH_ENABLE_STATUS         ; TEST_BENCH_MODE                         ; --            ; --          ; eda_simulation ;
; EDA_TEST_BENCH_FILE                  ; ../../Simulation_SoC/Questsim/tb_soc.sv ; --            ; --          ; tb_soc         ;
; EDA_TEST_BENCH_MODULE_NAME           ; tb_soc                                  ; --            ; --          ; tb_soc         ;
; EDA_TEST_BENCH_NAME                  ; tb_soc                                  ; --            ; --          ; eda_simulation ;
; EDA_TIME_SCALE                       ; 1 ps                                    ; --            ; --          ; eda_simulation ;
; MAX_CORE_JUNCTION_TEMP               ; 85                                      ; --            ; --          ; --             ;
; MIN_CORE_JUNCTION_TEMP               ; 0                                       ; --            ; --          ; --             ;
; MISC_FILE                            ; apll_inst.v                             ; --            ; --          ; --             ;
; MISC_FILE                            ; apll.ppf                                ; --            ; --          ; --             ;
; NOMINAL_CORE_SUPPLY_VOLTAGE          ; 1.2V                                    ; --            ; --          ; --             ;
; OUTPUT_IO_TIMING_FAR_END_VMEAS       ; Half Signal Swing                       ; --            ; --          ; --             ;
; OUTPUT_IO_TIMING_FAR_END_VMEAS       ; Half Signal Swing                       ; --            ; --          ; --             ;
; OUTPUT_IO_TIMING_NEAR_END_VMEAS      ; Half Vccio                              ; --            ; --          ; --             ;
; OUTPUT_IO_TIMING_NEAR_END_VMEAS      ; Half Vccio                              ; --            ; --          ; --             ;
; PARTITION_COLOR                      ; -- (Not supported for targeted family)  ; --            ; --          ; Top            ;
; PARTITION_FITTER_PRESERVATION_LEVEL  ; -- (Not supported for targeted family)  ; --            ; --          ; Top            ;
; PARTITION_NETLIST_TYPE               ; -- (Not supported for targeted family)  ; --            ; --          ; Top            ;
; POWER_BOARD_THERMAL_MODEL            ; None (CONSERVATIVE)                     ; --            ; --          ; --             ;
; POWER_PRESET_COOLING_SOLUTION        ; 23 MM HEAT SINK WITH 200 LFPM AIRFLOW   ; --            ; --          ; --             ;
+--------------------------------------+-----------------------------------------+---------------+-------------+----------------+


+--------------------------------------------------------------------------------------------------------------------------+
; Flow Elapsed Time                                                                                                        ;
+----------------------+--------------+-------------------------+---------------------+------------------------------------+
; Module Name          ; Elapsed Time ; Average Processors Used ; Peak Virtual Memory ; Total CPU Time (on all processors) ;
+----------------------+--------------+-------------------------+---------------------+------------------------------------+
; Analysis & Synthesis ; 00:00:22     ; 1.0                     ; 4821 MB             ; 00:00:32                           ;
; Fitter               ; 00:00:21     ; 1.3                     ; 5636 MB             ; 00:00:40                           ;
; Assembler            ; 00:00:01     ; 1.0                     ; 4691 MB             ; 00:00:01                           ;
; Timing Analyzer      ; 00:00:03     ; 1.4                     ; 4834 MB             ; 00:00:04                           ;
; EDA Netlist Writer   ; 00:00:02     ; 1.0                     ; 4654 MB             ; 00:00:01                           ;
; Total                ; 00:00:49     ; --                      ; --                  ; 00:01:18                           ;
+----------------------+--------------+-------------------------+---------------------+------------------------------------+


+------------------------------------------------------------------------------------+
; Flow OS Summary                                                                    ;
+----------------------+------------------+------------+------------+----------------+
; Module Name          ; Machine Hostname ; OS Name    ; OS Version ; Processor type ;
+----------------------+------------------+------------+------------+----------------+
; Analysis & Synthesis ; LAPTOP-688MF8BE  ; Windows 10 ; 10.0       ; x86_64         ;
; Fitter               ; LAPTOP-688MF8BE  ; Windows 10 ; 10.0       ; x86_64         ;
; Assembler            ; LAPTOP-688MF8BE  ; Windows 10 ; 10.0       ; x86_64         ;
; Timing Analyzer      ; LAPTOP-688MF8BE  ; Windows 10 ; 10.0       ; x86_64         ;
; EDA Netlist Writer   ; LAPTOP-688MF8BE  ; Windows 10 ; 10.0       ; x86_64         ;
+----------------------+------------------+------------+------------+----------------+


------------
; Flow Log ;
------------
quartus_map --read_settings_files=on --write_settings_files=off HX1006A_HDRVSoC_top -c HX1006A_HDRVSoC_top
quartus_fit --read_settings_files=off --write_settings_files=off HX1006A_HDRVSoC_top -c HX1006A_HDRVSoC_top
quartus_asm --read_settings_files=off --write_settings_files=off HX1006A_HDRVSoC_top -c HX1006A_HDRVSoC_top
quartus_sta HX1006A_HDRVSoC_top -c HX1006A_HDRVSoC_top
quartus_eda --read_settings_files=off --write_settings_files=off HX1006A_HDRVSoC_top -c HX1006A_HDRVSoC_top



