Analysis & Synthesis report for FPU
Tue Apr 27 15:14:35 2021
Quartus Prime Version 18.1.0 Build 625 09/12/2018 SJ Standard Edition


---------------------
; Table of Contents ;
---------------------
  1. Legal Notice
  2. Analysis & Synthesis Summary
  3. Analysis & Synthesis Settings
  4. Parallel Compilation
  5. Analysis & Synthesis Source Files Read
  6. Analysis & Synthesis Resource Usage Summary
  7. Analysis & Synthesis Resource Utilization by Entity
  8. Analysis & Synthesis DSP Block Usage Summary
  9. General Register Statistics
 10. Multiplexer Restructuring Statistics (Restructuring Performed)
 11. Post-Synthesis Netlist Statistics for Top Partition
 12. Elapsed Time Per Partition
 13. Analysis & Synthesis Messages



----------------
; Legal Notice ;
----------------
Copyright (C) 2018  Intel Corporation. All rights reserved.
Your use of Intel Corporation's design tools, logic functions 
and other software and tools, and its AMPP partner logic 
functions, and any output files from any of the foregoing 
(including device programming or simulation files), and any 
associated documentation or information are expressly subject 
to the terms and conditions of the Intel Program License 
Subscription Agreement, the Intel Quartus Prime License Agreement,
the Intel FPGA IP License Agreement, or other applicable license
agreement, including, without limitation, that your use is for
the sole purpose of programming logic devices manufactured by
Intel and sold by Intel or its authorized distributors.  Please
refer to the applicable agreement for further details.



+-----------------------------------------------------------------------------------+
; Analysis & Synthesis Summary                                                      ;
+---------------------------------+-------------------------------------------------+
; Analysis & Synthesis Status     ; Successful - Tue Apr 27 15:14:35 2021           ;
; Quartus Prime Version           ; 18.1.0 Build 625 09/12/2018 SJ Standard Edition ;
; Revision Name                   ; FPU                                             ;
; Top-level Entity Name           ; FPU                                             ;
; Family                          ; Cyclone V                                       ;
; Logic utilization (in ALMs)     ; N/A                                             ;
; Total registers                 ; 32                                              ;
; Total pins                      ; 99                                              ;
; Total virtual pins              ; 0                                               ;
; Total block memory bits         ; 0                                               ;
; Total DSP Blocks                ; 1                                               ;
; Total HSSI RX PCSs              ; 0                                               ;
; Total HSSI PMA RX Deserializers ; 0                                               ;
; Total HSSI TX PCSs              ; 0                                               ;
; Total HSSI PMA TX Serializers   ; 0                                               ;
; Total PLLs                      ; 0                                               ;
; Total DLLs                      ; 0                                               ;
+---------------------------------+-------------------------------------------------+


+---------------------------------------------------------------------------------------------------------------------------+
; Analysis & Synthesis Settings                                                                                             ;
+---------------------------------------------------------------------------------+--------------------+--------------------+
; Option                                                                          ; Setting            ; Default Value      ;
+---------------------------------------------------------------------------------+--------------------+--------------------+
; Device                                                                          ; 5CGXFC7C7F23C8     ;                    ;
; Top-level entity name                                                           ; FPU                ; FPU                ;
; Family name                                                                     ; Cyclone V          ; Cyclone V          ;
; Use smart compilation                                                           ; Off                ; Off                ;
; Enable parallel Assembler and Timing Analyzer during compilation                ; On                 ; On                 ;
; Enable compact report table                                                     ; Off                ; Off                ;
; Restructure Multiplexers                                                        ; Auto               ; Auto               ;
; MLAB Add Timing Constraints For Mixed-Port Feed-Through Mode Setting Don't Care ; Off                ; Off                ;
; Create Debugging Nodes for IP Cores                                             ; Off                ; Off                ;
; Preserve fewer node names                                                       ; On                 ; On                 ;
; Intel FPGA IP Evaluation Mode                                                   ; Enable             ; Enable             ;
; Verilog Version                                                                 ; Verilog_2001       ; Verilog_2001       ;
; VHDL Version                                                                    ; VHDL_1993          ; VHDL_1993          ;
; State Machine Processing                                                        ; Auto               ; Auto               ;
; Safe State Machine                                                              ; Off                ; Off                ;
; Extract Verilog State Machines                                                  ; On                 ; On                 ;
; Extract VHDL State Machines                                                     ; On                 ; On                 ;
; Ignore Verilog initial constructs                                               ; Off                ; Off                ;
; Iteration limit for constant Verilog loops                                      ; 5000               ; 5000               ;
; Iteration limit for non-constant Verilog loops                                  ; 250                ; 250                ;
; Add Pass-Through Logic to Inferred RAMs                                         ; On                 ; On                 ;
; Infer RAMs from Raw Logic                                                       ; On                 ; On                 ;
; Parallel Synthesis                                                              ; On                 ; On                 ;
; DSP Block Balancing                                                             ; Auto               ; Auto               ;
; NOT Gate Push-Back                                                              ; On                 ; On                 ;
; Power-Up Don't Care                                                             ; On                 ; On                 ;
; Remove Redundant Logic Cells                                                    ; Off                ; Off                ;
; Remove Duplicate Registers                                                      ; On                 ; On                 ;
; Ignore CARRY Buffers                                                            ; Off                ; Off                ;
; Ignore CASCADE Buffers                                                          ; Off                ; Off                ;
; Ignore GLOBAL Buffers                                                           ; Off                ; Off                ;
; Ignore ROW GLOBAL Buffers                                                       ; Off                ; Off                ;
; Ignore LCELL Buffers                                                            ; Off                ; Off                ;
; Ignore SOFT Buffers                                                             ; On                 ; On                 ;
; Limit AHDL Integers to 32 Bits                                                  ; Off                ; Off                ;
; Optimization Technique                                                          ; Balanced           ; Balanced           ;
; Carry Chain Length                                                              ; 70                 ; 70                 ;
; Auto Carry Chains                                                               ; On                 ; On                 ;
; Auto Open-Drain Pins                                                            ; On                 ; On                 ;
; Perform WYSIWYG Primitive Resynthesis                                           ; Off                ; Off                ;
; Auto ROM Replacement                                                            ; On                 ; On                 ;
; Auto RAM Replacement                                                            ; On                 ; On                 ;
; Auto DSP Block Replacement                                                      ; On                 ; On                 ;
; Auto Shift Register Replacement                                                 ; Auto               ; Auto               ;
; Allow Shift Register Merging across Hierarchies                                 ; Auto               ; Auto               ;
; Auto Clock Enable Replacement                                                   ; On                 ; On                 ;
; Strict RAM Replacement                                                          ; Off                ; Off                ;
; Allow Synchronous Control Signals                                               ; On                 ; On                 ;
; Force Use of Synchronous Clear Signals                                          ; Off                ; Off                ;
; Auto Resource Sharing                                                           ; Off                ; Off                ;
; Allow Any RAM Size For Recognition                                              ; Off                ; Off                ;
; Allow Any ROM Size For Recognition                                              ; Off                ; Off                ;
; Allow Any Shift Register Size For Recognition                                   ; Off                ; Off                ;
; Use LogicLock Constraints during Resource Balancing                             ; On                 ; On                 ;
; Ignore translate_off and synthesis_off directives                               ; Off                ; Off                ;
; Timing-Driven Synthesis                                                         ; On                 ; On                 ;
; Report Parameter Settings                                                       ; On                 ; On                 ;
; Report Source Assignments                                                       ; On                 ; On                 ;
; Report Connectivity Checks                                                      ; On                 ; On                 ;
; Ignore Maximum Fan-Out Assignments                                              ; Off                ; Off                ;
; Synchronization Register Chain Length                                           ; 3                  ; 3                  ;
; Power Optimization During Synthesis                                             ; Normal compilation ; Normal compilation ;
; HDL message level                                                               ; Level2             ; Level2             ;
; Suppress Register Optimization Related Messages                                 ; Off                ; Off                ;
; Number of Removed Registers Reported in Synthesis Report                        ; 5000               ; 5000               ;
; Number of Swept Nodes Reported in Synthesis Report                              ; 5000               ; 5000               ;
; Number of Inverted Registers Reported in Synthesis Report                       ; 100                ; 100                ;
; Clock MUX Protection                                                            ; On                 ; On                 ;
; Auto Gated Clock Conversion                                                     ; Off                ; Off                ;
; Block Design Naming                                                             ; Auto               ; Auto               ;
; SDC constraint protection                                                       ; Off                ; Off                ;
; Synthesis Effort                                                                ; Auto               ; Auto               ;
; Shift Register Replacement - Allow Asynchronous Clear Signal                    ; On                 ; On                 ;
; Pre-Mapping Resynthesis Optimization                                            ; Off                ; Off                ;
; Analysis & Synthesis Message Level                                              ; Medium             ; Medium             ;
; Disable Register Merging Across Hierarchies                                     ; Auto               ; Auto               ;
; Resource Aware Inference For Block RAM                                          ; On                 ; On                 ;
; Automatic Parallel Synthesis                                                    ; On                 ; On                 ;
; Partial Reconfiguration Bitstream ID                                            ; Off                ; Off                ;
+---------------------------------------------------------------------------------+--------------------+--------------------+


+------------------------------------------+
; Parallel Compilation                     ;
+----------------------------+-------------+
; Processors                 ; Number      ;
+----------------------------+-------------+
; Number detected on machine ; 12          ;
; Maximum allowed            ; 6           ;
;                            ;             ;
; Average used               ; 1.00        ;
; Maximum used               ; 6           ;
;                            ;             ;
; Usage by Processor         ; % Time Used ;
;     Processor 1            ; 100.0%      ;
;     Processor 2            ;   0.0%      ;
;     Processor 3            ;   0.0%      ;
;     Processor 4            ;   0.0%      ;
;     Processor 5            ;   0.0%      ;
;     Processor 6            ;   0.0%      ;
+----------------------------+-------------+


+------------------------------------------------------------------------------------------------------------------------------------------------------+
; Analysis & Synthesis Source Files Read                                                                                                               ;
+----------------------------------+-----------------+------------------------+--------------------------------------------------------------+---------+
; File Name with User-Entered Path ; Used in Netlist ; File Type              ; File Name with Absolute Path                                 ; Library ;
+----------------------------------+-----------------+------------------------+--------------------------------------------------------------+---------+
; FPU.v                            ; yes             ; User Verilog HDL File  ; C:/Users/TNB/Desktop/FPGA/experiment/experiment_01_FPU/FPU.v ;         ;
+----------------------------------+-----------------+------------------------+--------------------------------------------------------------+---------+


+--------------------------------------------------------+
; Analysis & Synthesis Resource Usage Summary            ;
+---------------------------------------------+----------+
; Resource                                    ; Usage    ;
+---------------------------------------------+----------+
; Estimate of Logic utilization (ALMs needed) ; 1958     ;
;                                             ;          ;
; Combinational ALUT usage for logic          ; 3023     ;
;     -- 7 input functions                    ; 19       ;
;     -- 6 input functions                    ; 874      ;
;     -- 5 input functions                    ; 1465     ;
;     -- 4 input functions                    ; 344      ;
;     -- <=3 input functions                  ; 321      ;
;                                             ;          ;
; Dedicated logic registers                   ; 32       ;
;                                             ;          ;
; I/O pins                                    ; 99       ;
;                                             ;          ;
; Total DSP Blocks                            ; 1        ;
;                                             ;          ;
; Maximum fan-out node                        ; Equal0~3 ;
; Maximum fan-out                             ; 154      ;
; Total fan-out                               ; 15717    ;
; Average fan-out                             ; 4.83     ;
+---------------------------------------------+----------+


+----------------------------------------------------------------------------------------------------------------------------------------------------------------------------------------+
; Analysis & Synthesis Resource Utilization by Entity                                                                                                                                    ;
+----------------------------+---------------------+---------------------------+-------------------+------------+------+--------------+---------------------+-------------+--------------+
; Compilation Hierarchy Node ; Combinational ALUTs ; Dedicated Logic Registers ; Block Memory Bits ; DSP Blocks ; Pins ; Virtual Pins ; Full Hierarchy Name ; Entity Name ; Library Name ;
+----------------------------+---------------------+---------------------------+-------------------+------------+------+--------------+---------------------+-------------+--------------+
; |FPU                       ; 3023 (3023)         ; 32 (32)                   ; 0                 ; 1          ; 99   ; 0            ; |FPU                ; FPU         ; work         ;
+----------------------------+---------------------+---------------------------+-------------------+------------+------+--------------+---------------------+-------------+--------------+
Note: For table entries with two numbers listed, the numbers in parentheses indicate the number of resources of the given type used by the specific entity alone. The numbers listed outside of parentheses indicate the total resources of the given type used by the specific entity and all of its sub-entities in the hierarchy.


+-----------------------------------------------+
; Analysis & Synthesis DSP Block Usage Summary  ;
+---------------------------------+-------------+
; Statistic                       ; Number Used ;
+---------------------------------+-------------+
; Independent 27x27               ; 1           ;
; Total number of DSP blocks      ; 1           ;
;                                 ;             ;
; Fixed Point Unsigned Multiplier ; 1           ;
+---------------------------------+-------------+


+------------------------------------------------------+
; General Register Statistics                          ;
+----------------------------------------------+-------+
; Statistic                                    ; Value ;
+----------------------------------------------+-------+
; Total registers                              ; 32    ;
; Number of registers using Synchronous Clear  ; 0     ;
; Number of registers using Synchronous Load   ; 0     ;
; Number of registers using Asynchronous Clear ; 0     ;
; Number of registers using Asynchronous Load  ; 0     ;
; Number of registers using Clock Enable       ; 0     ;
; Number of registers using Preset             ; 0     ;
+----------------------------------------------+-------+


+------------------------------------------------------------------------------------------------------------------------------------------+
; Multiplexer Restructuring Statistics (Restructuring Performed)                                                                           ;
+--------------------+-----------+---------------+----------------------+------------------------+------------+----------------------------+
; Multiplexer Inputs ; Bus Width ; Baseline Area ; Area if Restructured ; Saving if Restructured ; Registered ; Example Multiplexer Output ;
+--------------------+-----------+---------------+----------------------+------------------------+------------+----------------------------+
; 76:1               ; 4 bits    ; 200 LEs       ; 136 LEs              ; 64 LEs                 ; Yes        ; |FPU|S[30]~reg0            ;
; 4:1                ; 4 bits    ; 8 LEs         ; 8 LEs                ; 0 LEs                  ; No         ; |FPU|ShiftRight0           ;
; 4:1                ; 16 bits   ; 32 LEs        ; 32 LEs               ; 0 LEs                  ; No         ; |FPU|ShiftRight0           ;
; 4:1                ; 4 bits    ; 8 LEs         ; 8 LEs                ; 0 LEs                  ; No         ; |FPU|ShiftRight1           ;
; 4:1                ; 16 bits   ; 32 LEs        ; 32 LEs               ; 0 LEs                  ; No         ; |FPU|ShiftRight1           ;
; 4:1                ; 7 bits    ; 14 LEs        ; 14 LEs               ; 0 LEs                  ; No         ; |FPU|manB                  ;
; 4:1                ; 7 bits    ; 14 LEs        ; 14 LEs               ; 0 LEs                  ; No         ; |FPU|manA                  ;
; 7:1                ; 4 bits    ; 16 LEs        ; 16 LEs               ; 0 LEs                  ; No         ; |FPU|manB                  ;
; 7:1                ; 4 bits    ; 16 LEs        ; 16 LEs               ; 0 LEs                  ; No         ; |FPU|manB                  ;
; 7:1                ; 4 bits    ; 16 LEs        ; 16 LEs               ; 0 LEs                  ; No         ; |FPU|manB                  ;
; 7:1                ; 4 bits    ; 16 LEs        ; 16 LEs               ; 0 LEs                  ; No         ; |FPU|manA                  ;
; 7:1                ; 4 bits    ; 16 LEs        ; 16 LEs               ; 0 LEs                  ; No         ; |FPU|manA                  ;
; 7:1                ; 4 bits    ; 16 LEs        ; 16 LEs               ; 0 LEs                  ; No         ; |FPU|manA                  ;
; 10:1               ; 4 bits    ; 24 LEs        ; 24 LEs               ; 0 LEs                  ; No         ; |FPU|manB                  ;
; 10:1               ; 4 bits    ; 24 LEs        ; 24 LEs               ; 0 LEs                  ; No         ; |FPU|manA                  ;
+--------------------+-----------+---------------+----------------------+------------------------+------------+----------------------------+


+-----------------------------------------------------+
; Post-Synthesis Netlist Statistics for Top Partition ;
+-----------------------+-----------------------------+
; Type                  ; Count                       ;
+-----------------------+-----------------------------+
; arriav_ff             ; 32                          ;
;     plain             ; 32                          ;
; arriav_lcell_comb     ; 3023                        ;
;     arith             ; 784                         ;
;         0 data inputs ; 6                           ;
;         1 data inputs ; 59                          ;
;         2 data inputs ; 45                          ;
;         3 data inputs ; 19                          ;
;         4 data inputs ; 136                         ;
;         5 data inputs ; 519                         ;
;     extend            ; 19                          ;
;         7 data inputs ; 19                          ;
;     normal            ; 2180                        ;
;         2 data inputs ; 69                          ;
;         3 data inputs ; 83                          ;
;         4 data inputs ; 208                         ;
;         5 data inputs ; 946                         ;
;         6 data inputs ; 874                         ;
;     shared            ; 40                          ;
;         0 data inputs ; 1                           ;
;         2 data inputs ; 39                          ;
; arriav_mac            ; 1                           ;
; boundary_port         ; 99                          ;
;                       ;                             ;
; Max LUT depth         ; 98.00                       ;
; Average LUT depth     ; 70.14                       ;
+-----------------------+-----------------------------+


+-------------------------------+
; Elapsed Time Per Partition    ;
+----------------+--------------+
; Partition Name ; Elapsed Time ;
+----------------+--------------+
; Top            ; 00:00:24     ;
+----------------+--------------+


+-------------------------------+
; Analysis & Synthesis Messages ;
+-------------------------------+
Info: *******************************************************************
Info: Running Quartus Prime Analysis & Synthesis
    Info: Version 18.1.0 Build 625 09/12/2018 SJ Standard Edition
    Info: Processing started: Tue Apr 27 15:13:56 2021
Info: Command: quartus_map --read_settings_files=on --write_settings_files=off FPU -c FPU
Warning (18236): Number of processors has not been specified which may cause overloading on shared machines.  Set the global assignment NUM_PARALLEL_PROCESSORS in your QSF to an appropriate value for best performance.
Info (20030): Parallel compilation is enabled and will use 6 of the 6 processors detected
Info (12021): Found 1 design units, including 1 entities, in source file fpu.v
    Info (12023): Found entity 1: FPU File: C:/Users/TNB/Desktop/FPGA/experiment/experiment_01_FPU/FPU.v Line: 2
Info (12127): Elaborating entity "FPU" for the top level hierarchy
Warning (10230): Verilog HDL assignment warning at FPU.v(71): truncated value with size 32 to match size of target (8) File: C:/Users/TNB/Desktop/FPGA/experiment/experiment_01_FPU/FPU.v Line: 71
Warning (10230): Verilog HDL assignment warning at FPU.v(78): truncated value with size 32 to match size of target (8) File: C:/Users/TNB/Desktop/FPGA/experiment/experiment_01_FPU/FPU.v Line: 78
Warning (10230): Verilog HDL assignment warning at FPU.v(82): truncated value with size 32 to match size of target (8) File: C:/Users/TNB/Desktop/FPGA/experiment/experiment_01_FPU/FPU.v Line: 82
Warning (10230): Verilog HDL assignment warning at FPU.v(86): truncated value with size 32 to match size of target (8) File: C:/Users/TNB/Desktop/FPGA/experiment/experiment_01_FPU/FPU.v Line: 86
Warning (10230): Verilog HDL assignment warning at FPU.v(90): truncated value with size 32 to match size of target (8) File: C:/Users/TNB/Desktop/FPGA/experiment/experiment_01_FPU/FPU.v Line: 90
Warning (10230): Verilog HDL assignment warning at FPU.v(94): truncated value with size 32 to match size of target (8) File: C:/Users/TNB/Desktop/FPGA/experiment/experiment_01_FPU/FPU.v Line: 94
Warning (10230): Verilog HDL assignment warning at FPU.v(98): truncated value with size 32 to match size of target (8) File: C:/Users/TNB/Desktop/FPGA/experiment/experiment_01_FPU/FPU.v Line: 98
Warning (10230): Verilog HDL assignment warning at FPU.v(102): truncated value with size 32 to match size of target (8) File: C:/Users/TNB/Desktop/FPGA/experiment/experiment_01_FPU/FPU.v Line: 102
Warning (10230): Verilog HDL assignment warning at FPU.v(106): truncated value with size 32 to match size of target (8) File: C:/Users/TNB/Desktop/FPGA/experiment/experiment_01_FPU/FPU.v Line: 106
Warning (10230): Verilog HDL assignment warning at FPU.v(110): truncated value with size 32 to match size of target (8) File: C:/Users/TNB/Desktop/FPGA/experiment/experiment_01_FPU/FPU.v Line: 110
Warning (10230): Verilog HDL assignment warning at FPU.v(114): truncated value with size 32 to match size of target (8) File: C:/Users/TNB/Desktop/FPGA/experiment/experiment_01_FPU/FPU.v Line: 114
Warning (10230): Verilog HDL assignment warning at FPU.v(118): truncated value with size 32 to match size of target (8) File: C:/Users/TNB/Desktop/FPGA/experiment/experiment_01_FPU/FPU.v Line: 118
Warning (10230): Verilog HDL assignment warning at FPU.v(122): truncated value with size 32 to match size of target (8) File: C:/Users/TNB/Desktop/FPGA/experiment/experiment_01_FPU/FPU.v Line: 122
Warning (10230): Verilog HDL assignment warning at FPU.v(126): truncated value with size 32 to match size of target (8) File: C:/Users/TNB/Desktop/FPGA/experiment/experiment_01_FPU/FPU.v Line: 126
Warning (10230): Verilog HDL assignment warning at FPU.v(130): truncated value with size 32 to match size of target (8) File: C:/Users/TNB/Desktop/FPGA/experiment/experiment_01_FPU/FPU.v Line: 130
Warning (10230): Verilog HDL assignment warning at FPU.v(134): truncated value with size 32 to match size of target (8) File: C:/Users/TNB/Desktop/FPGA/experiment/experiment_01_FPU/FPU.v Line: 134
Warning (10230): Verilog HDL assignment warning at FPU.v(138): truncated value with size 32 to match size of target (8) File: C:/Users/TNB/Desktop/FPGA/experiment/experiment_01_FPU/FPU.v Line: 138
Warning (10230): Verilog HDL assignment warning at FPU.v(142): truncated value with size 32 to match size of target (8) File: C:/Users/TNB/Desktop/FPGA/experiment/experiment_01_FPU/FPU.v Line: 142
Warning (10230): Verilog HDL assignment warning at FPU.v(146): truncated value with size 32 to match size of target (8) File: C:/Users/TNB/Desktop/FPGA/experiment/experiment_01_FPU/FPU.v Line: 146
Warning (10230): Verilog HDL assignment warning at FPU.v(150): truncated value with size 32 to match size of target (8) File: C:/Users/TNB/Desktop/FPGA/experiment/experiment_01_FPU/FPU.v Line: 150
Warning (10230): Verilog HDL assignment warning at FPU.v(154): truncated value with size 32 to match size of target (8) File: C:/Users/TNB/Desktop/FPGA/experiment/experiment_01_FPU/FPU.v Line: 154
Warning (10230): Verilog HDL assignment warning at FPU.v(158): truncated value with size 32 to match size of target (8) File: C:/Users/TNB/Desktop/FPGA/experiment/experiment_01_FPU/FPU.v Line: 158
Warning (10230): Verilog HDL assignment warning at FPU.v(162): truncated value with size 32 to match size of target (8) File: C:/Users/TNB/Desktop/FPGA/experiment/experiment_01_FPU/FPU.v Line: 162
Warning (10230): Verilog HDL assignment warning at FPU.v(166): truncated value with size 32 to match size of target (8) File: C:/Users/TNB/Desktop/FPGA/experiment/experiment_01_FPU/FPU.v Line: 166
Warning (10230): Verilog HDL assignment warning at FPU.v(214): truncated value with size 32 to match size of target (8) File: C:/Users/TNB/Desktop/FPGA/experiment/experiment_01_FPU/FPU.v Line: 214
Warning (10230): Verilog HDL assignment warning at FPU.v(220): truncated value with size 32 to match size of target (8) File: C:/Users/TNB/Desktop/FPGA/experiment/experiment_01_FPU/FPU.v Line: 220
Warning (10230): Verilog HDL assignment warning at FPU.v(224): truncated value with size 32 to match size of target (8) File: C:/Users/TNB/Desktop/FPGA/experiment/experiment_01_FPU/FPU.v Line: 224
Warning (10230): Verilog HDL assignment warning at FPU.v(228): truncated value with size 32 to match size of target (8) File: C:/Users/TNB/Desktop/FPGA/experiment/experiment_01_FPU/FPU.v Line: 228
Warning (10230): Verilog HDL assignment warning at FPU.v(232): truncated value with size 32 to match size of target (8) File: C:/Users/TNB/Desktop/FPGA/experiment/experiment_01_FPU/FPU.v Line: 232
Warning (10230): Verilog HDL assignment warning at FPU.v(236): truncated value with size 32 to match size of target (8) File: C:/Users/TNB/Desktop/FPGA/experiment/experiment_01_FPU/FPU.v Line: 236
Warning (10230): Verilog HDL assignment warning at FPU.v(240): truncated value with size 32 to match size of target (8) File: C:/Users/TNB/Desktop/FPGA/experiment/experiment_01_FPU/FPU.v Line: 240
Warning (10230): Verilog HDL assignment warning at FPU.v(244): truncated value with size 32 to match size of target (8) File: C:/Users/TNB/Desktop/FPGA/experiment/experiment_01_FPU/FPU.v Line: 244
Warning (10230): Verilog HDL assignment warning at FPU.v(248): truncated value with size 32 to match size of target (8) File: C:/Users/TNB/Desktop/FPGA/experiment/experiment_01_FPU/FPU.v Line: 248
Warning (10230): Verilog HDL assignment warning at FPU.v(252): truncated value with size 32 to match size of target (8) File: C:/Users/TNB/Desktop/FPGA/experiment/experiment_01_FPU/FPU.v Line: 252
Warning (10230): Verilog HDL assignment warning at FPU.v(256): truncated value with size 32 to match size of target (8) File: C:/Users/TNB/Desktop/FPGA/experiment/experiment_01_FPU/FPU.v Line: 256
Warning (10230): Verilog HDL assignment warning at FPU.v(260): truncated value with size 32 to match size of target (8) File: C:/Users/TNB/Desktop/FPGA/experiment/experiment_01_FPU/FPU.v Line: 260
Warning (10230): Verilog HDL assignment warning at FPU.v(264): truncated value with size 32 to match size of target (8) File: C:/Users/TNB/Desktop/FPGA/experiment/experiment_01_FPU/FPU.v Line: 264
Warning (10230): Verilog HDL assignment warning at FPU.v(268): truncated value with size 32 to match size of target (8) File: C:/Users/TNB/Desktop/FPGA/experiment/experiment_01_FPU/FPU.v Line: 268
Warning (10230): Verilog HDL assignment warning at FPU.v(272): truncated value with size 32 to match size of target (8) File: C:/Users/TNB/Desktop/FPGA/experiment/experiment_01_FPU/FPU.v Line: 272
Warning (10230): Verilog HDL assignment warning at FPU.v(276): truncated value with size 32 to match size of target (8) File: C:/Users/TNB/Desktop/FPGA/experiment/experiment_01_FPU/FPU.v Line: 276
Warning (10230): Verilog HDL assignment warning at FPU.v(280): truncated value with size 32 to match size of target (8) File: C:/Users/TNB/Desktop/FPGA/experiment/experiment_01_FPU/FPU.v Line: 280
Warning (10230): Verilog HDL assignment warning at FPU.v(284): truncated value with size 32 to match size of target (8) File: C:/Users/TNB/Desktop/FPGA/experiment/experiment_01_FPU/FPU.v Line: 284
Warning (10230): Verilog HDL assignment warning at FPU.v(288): truncated value with size 32 to match size of target (8) File: C:/Users/TNB/Desktop/FPGA/experiment/experiment_01_FPU/FPU.v Line: 288
Warning (10230): Verilog HDL assignment warning at FPU.v(292): truncated value with size 32 to match size of target (8) File: C:/Users/TNB/Desktop/FPGA/experiment/experiment_01_FPU/FPU.v Line: 292
Warning (10230): Verilog HDL assignment warning at FPU.v(296): truncated value with size 32 to match size of target (8) File: C:/Users/TNB/Desktop/FPGA/experiment/experiment_01_FPU/FPU.v Line: 296
Warning (10230): Verilog HDL assignment warning at FPU.v(300): truncated value with size 32 to match size of target (8) File: C:/Users/TNB/Desktop/FPGA/experiment/experiment_01_FPU/FPU.v Line: 300
Warning (10230): Verilog HDL assignment warning at FPU.v(304): truncated value with size 32 to match size of target (8) File: C:/Users/TNB/Desktop/FPGA/experiment/experiment_01_FPU/FPU.v Line: 304
Warning (10230): Verilog HDL assignment warning at FPU.v(308): truncated value with size 32 to match size of target (8) File: C:/Users/TNB/Desktop/FPGA/experiment/experiment_01_FPU/FPU.v Line: 308
Warning (10230): Verilog HDL assignment warning at FPU.v(323): truncated value with size 32 to match size of target (8) File: C:/Users/TNB/Desktop/FPGA/experiment/experiment_01_FPU/FPU.v Line: 323
Warning (10230): Verilog HDL assignment warning at FPU.v(326): truncated value with size 32 to match size of target (8) File: C:/Users/TNB/Desktop/FPGA/experiment/experiment_01_FPU/FPU.v Line: 326
Warning (10230): Verilog HDL assignment warning at FPU.v(371): truncated value with size 32 to match size of target (8) File: C:/Users/TNB/Desktop/FPGA/experiment/experiment_01_FPU/FPU.v Line: 371
Warning (10230): Verilog HDL assignment warning at FPU.v(375): truncated value with size 32 to match size of target (8) File: C:/Users/TNB/Desktop/FPGA/experiment/experiment_01_FPU/FPU.v Line: 375
Warning (10230): Verilog HDL assignment warning at FPU.v(379): truncated value with size 32 to match size of target (8) File: C:/Users/TNB/Desktop/FPGA/experiment/experiment_01_FPU/FPU.v Line: 379
Warning (10230): Verilog HDL assignment warning at FPU.v(383): truncated value with size 32 to match size of target (8) File: C:/Users/TNB/Desktop/FPGA/experiment/experiment_01_FPU/FPU.v Line: 383
Warning (10230): Verilog HDL assignment warning at FPU.v(387): truncated value with size 32 to match size of target (8) File: C:/Users/TNB/Desktop/FPGA/experiment/experiment_01_FPU/FPU.v Line: 387
Warning (10230): Verilog HDL assignment warning at FPU.v(391): truncated value with size 32 to match size of target (8) File: C:/Users/TNB/Desktop/FPGA/experiment/experiment_01_FPU/FPU.v Line: 391
Warning (10230): Verilog HDL assignment warning at FPU.v(395): truncated value with size 32 to match size of target (8) File: C:/Users/TNB/Desktop/FPGA/experiment/experiment_01_FPU/FPU.v Line: 395
Warning (10230): Verilog HDL assignment warning at FPU.v(399): truncated value with size 32 to match size of target (8) File: C:/Users/TNB/Desktop/FPGA/experiment/experiment_01_FPU/FPU.v Line: 399
Warning (10230): Verilog HDL assignment warning at FPU.v(403): truncated value with size 32 to match size of target (8) File: C:/Users/TNB/Desktop/FPGA/experiment/experiment_01_FPU/FPU.v Line: 403
Warning (10230): Verilog HDL assignment warning at FPU.v(407): truncated value with size 32 to match size of target (8) File: C:/Users/TNB/Desktop/FPGA/experiment/experiment_01_FPU/FPU.v Line: 407
Warning (10230): Verilog HDL assignment warning at FPU.v(411): truncated value with size 32 to match size of target (8) File: C:/Users/TNB/Desktop/FPGA/experiment/experiment_01_FPU/FPU.v Line: 411
Warning (10230): Verilog HDL assignment warning at FPU.v(415): truncated value with size 32 to match size of target (8) File: C:/Users/TNB/Desktop/FPGA/experiment/experiment_01_FPU/FPU.v Line: 415
Warning (10230): Verilog HDL assignment warning at FPU.v(419): truncated value with size 32 to match size of target (8) File: C:/Users/TNB/Desktop/FPGA/experiment/experiment_01_FPU/FPU.v Line: 419
Warning (10230): Verilog HDL assignment warning at FPU.v(423): truncated value with size 32 to match size of target (8) File: C:/Users/TNB/Desktop/FPGA/experiment/experiment_01_FPU/FPU.v Line: 423
Warning (10230): Verilog HDL assignment warning at FPU.v(427): truncated value with size 32 to match size of target (8) File: C:/Users/TNB/Desktop/FPGA/experiment/experiment_01_FPU/FPU.v Line: 427
Warning (10230): Verilog HDL assignment warning at FPU.v(431): truncated value with size 32 to match size of target (8) File: C:/Users/TNB/Desktop/FPGA/experiment/experiment_01_FPU/FPU.v Line: 431
Warning (10230): Verilog HDL assignment warning at FPU.v(435): truncated value with size 32 to match size of target (8) File: C:/Users/TNB/Desktop/FPGA/experiment/experiment_01_FPU/FPU.v Line: 435
Warning (10230): Verilog HDL assignment warning at FPU.v(439): truncated value with size 32 to match size of target (8) File: C:/Users/TNB/Desktop/FPGA/experiment/experiment_01_FPU/FPU.v Line: 439
Warning (10230): Verilog HDL assignment warning at FPU.v(443): truncated value with size 32 to match size of target (8) File: C:/Users/TNB/Desktop/FPGA/experiment/experiment_01_FPU/FPU.v Line: 443
Warning (10230): Verilog HDL assignment warning at FPU.v(447): truncated value with size 32 to match size of target (8) File: C:/Users/TNB/Desktop/FPGA/experiment/experiment_01_FPU/FPU.v Line: 447
Warning (10230): Verilog HDL assignment warning at FPU.v(451): truncated value with size 32 to match size of target (8) File: C:/Users/TNB/Desktop/FPGA/experiment/experiment_01_FPU/FPU.v Line: 451
Warning (10230): Verilog HDL assignment warning at FPU.v(455): truncated value with size 32 to match size of target (8) File: C:/Users/TNB/Desktop/FPGA/experiment/experiment_01_FPU/FPU.v Line: 455
Warning (10230): Verilog HDL assignment warning at FPU.v(459): truncated value with size 32 to match size of target (8) File: C:/Users/TNB/Desktop/FPGA/experiment/experiment_01_FPU/FPU.v Line: 459
Info (286030): Timing-Driven Synthesis is running
Info (16010): Generating hard_block partition "hard_block:auto_generated_inst"
    Info (16011): Adding 0 node(s), including 0 DDIO, 0 PLL, 0 transceiver and 0 LCELL
Info (21057): Implemented 3123 device resources after synthesis - the final resource count might be different
    Info (21058): Implemented 67 input pins
    Info (21059): Implemented 32 output pins
    Info (21061): Implemented 3023 logic cells
    Info (21062): Implemented 1 DSP elements
Info: Quartus Prime Analysis & Synthesis was successful. 0 errors, 74 warnings
    Info: Peak virtual memory: 4871 megabytes
    Info: Processing ended: Tue Apr 27 15:14:35 2021
    Info: Elapsed time: 00:00:39
    Info: Total CPU time (on all processors): 00:00:44


