Flow report for FPU
Sun May 09 11:08:54 2021
Quartus Prime Version 18.1.0 Build 625 09/12/2018 SJ Standard Edition


---------------------
; Table of Contents ;
---------------------
  1. Legal Notice
  2. Flow Summary
  3. Flow Settings
  4. Flow Non-Default Global Settings
  5. Flow Elapsed Time
  6. Flow OS Summary
  7. Flow Log
  8. Flow Messages
  9. Flow Suppressed Messages



----------------
; Legal Notice ;
----------------
Copyright (C) 2018  Intel Corporation. All rights reserved.
Your use of Intel Corporation's design tools, logic functions 
and other software and tools, and its AMPP partner logic 
functions, and any output files from any of the foregoing 
(including device programming or simulation files), and any 
associated documentation or information are expressly subject 
to the terms and conditions of the Intel Program License 
Subscription Agreement, the Intel Quartus Prime License Agreement,
the Intel FPGA IP License Agreement, or other applicable license
agreement, including, without limitation, that your use is for
the sole purpose of programming logic devices manufactured by
Intel and sold by Intel or its authorized distributors.  Please
refer to the applicable agreement for further details.



+--------------------------------------------------------------------------------------+
; Flow Summary                                                                         ;
+------------------------------------+-------------------------------------------------+
; Flow Status                        ; Successful - Sun May 09 11:08:54 2021           ;
; Quartus Prime Version              ; 18.1.0 Build 625 09/12/2018 SJ Standard Edition ;
; Revision Name                      ; FPU                                             ;
; Top-level Entity Name              ; FPU                                             ;
; Family                             ; Cyclone 10 LP                                   ;
; Total logic elements               ; 2,526 / 15,408 ( 16 % )                         ;
;     Total combinational functions  ; 2,218 / 15,408 ( 14 % )                         ;
;     Dedicated logic registers      ; 1,852 / 15,408 ( 12 % )                         ;
; Total registers                    ; 1852                                            ;
; Total pins                         ; 193 / 341 ( 57 % )                              ;
; Total virtual pins                 ; 0                                               ;
; Total memory bits                  ; 5,337 / 516,096 ( 1 % )                         ;
; Embedded Multiplier 9-bit elements ; 23 / 112 ( 21 % )                               ;
; Total PLLs                         ; 0 / 4 ( 0 % )                                   ;
; Device                             ; 10CL016YF484C6G                                 ;
; Timing Models                      ; Final                                           ;
+------------------------------------+-------------------------------------------------+


+-----------------------------------------+
; Flow Settings                           ;
+-------------------+---------------------+
; Option            ; Setting             ;
+-------------------+---------------------+
; Start date & time ; 05/09/2021 11:07:57 ;
; Main task         ; Compilation         ;
; Revision Name     ; FPU                 ;
+-------------------+---------------------+


+------------------------------------------------------------------------------------------------------------------------------+
; Flow Non-Default Global Settings                                                                                             ;
+--------------------------------------+----------------------------------------+---------------+-------------+----------------+
; Assignment Name                      ; Value                                  ; Default Value ; Entity Name ; Section Id     ;
+--------------------------------------+----------------------------------------+---------------+-------------+----------------+
; COMPILER_SIGNATURE_ID                ; 154027286795321.162052967705076        ; --            ; --          ; --             ;
; EDA_DESIGN_INSTANCE_NAME             ; NA                                     ; --            ; --          ; --             ;
; EDA_GENERATE_FUNCTIONAL_NETLIST      ; On                                     ; --            ; --          ; eda_simulation ;
; EDA_NATIVELINK_SIMULATION_TEST_BENCH ; FPU                                    ; --            ; --          ; eda_simulation ;
; EDA_OUTPUT_DATA_FORMAT               ; Verilog Hdl                            ; --            ; --          ; eda_simulation ;
; EDA_SIMULATION_TOOL                  ; ModelSim-Altera (Verilog)              ; <None>        ; --          ; --             ;
; EDA_TEST_BENCH_ENABLE_STATUS         ; TEST_BENCH_MODE                        ; --            ; --          ; eda_simulation ;
; EDA_TEST_BENCH_FILE                  ; simulation/modelsim/FPU.vt             ; --            ; --          ; --             ;
; EDA_TEST_BENCH_MODULE_NAME           ; FPU                                    ; --            ; --          ; --             ;
; EDA_TEST_BENCH_NAME                  ; FPU                                    ; --            ; --          ; eda_simulation ;
; EDA_TIME_SCALE                       ; 1 ps                                   ; --            ; --          ; eda_simulation ;
; MISC_FILE                            ; FPU_add_bb.v                           ; --            ; --          ; --             ;
; MISC_FILE                            ; FPU_sub_bb.v                           ; --            ; --          ; --             ;
; MISC_FILE                            ; FPU_div_bb.v                           ; --            ; --          ; --             ;
; MISC_FILE                            ; FPU_mul.bsf                            ; --            ; --          ; --             ;
; MISC_FILE                            ; FPU_mul_inst.v                         ; --            ; --          ; --             ;
; MISC_FILE                            ; FPU_mul_bb.v                           ; --            ; --          ; --             ;
; MISC_FILE                            ; FPU_mul.inc                            ; --            ; --          ; --             ;
; MISC_FILE                            ; FPU_mul.cmp                            ; --            ; --          ; --             ;
; PARTITION_COLOR                      ; -- (Not supported for targeted family) ; --            ; --          ; Top            ;
; PARTITION_FITTER_PRESERVATION_LEVEL  ; -- (Not supported for targeted family) ; --            ; --          ; Top            ;
; PARTITION_NETLIST_TYPE               ; -- (Not supported for targeted family) ; --            ; --          ; Top            ;
; PROJECT_OUTPUT_DIRECTORY             ; output_files                           ; --            ; --          ; --             ;
+--------------------------------------+----------------------------------------+---------------+-------------+----------------+


+--------------------------------------------------------------------------------------------------------------------------+
; Flow Elapsed Time                                                                                                        ;
+----------------------+--------------+-------------------------+---------------------+------------------------------------+
; Module Name          ; Elapsed Time ; Average Processors Used ; Peak Virtual Memory ; Total CPU Time (on all processors) ;
+----------------------+--------------+-------------------------+---------------------+------------------------------------+
; Analysis & Synthesis ; 00:00:22     ; 1.0                     ; 4852 MB             ; 00:00:32                           ;
; Fitter               ; 00:00:22     ; 1.2                     ; 5670 MB             ; 00:00:35                           ;
; Assembler            ; 00:00:01     ; 1.0                     ; 4692 MB             ; 00:00:01                           ;
; Timing Analyzer      ; 00:00:04     ; 1.3                     ; 4839 MB             ; 00:00:04                           ;
; EDA Netlist Writer   ; 00:00:02     ; 1.0                     ; 4658 MB             ; 00:00:02                           ;
; Total                ; 00:00:51     ; --                      ; --                  ; 00:01:14                           ;
+----------------------+--------------+-------------------------+---------------------+------------------------------------+


+------------------------------------------------------------------------------------+
; Flow OS Summary                                                                    ;
+----------------------+------------------+------------+------------+----------------+
; Module Name          ; Machine Hostname ; OS Name    ; OS Version ; Processor type ;
+----------------------+------------------+------------+------------+----------------+
; Analysis & Synthesis ; LAPTOP-688MF8BE  ; Windows 10 ; 10.0       ; x86_64         ;
; Fitter               ; LAPTOP-688MF8BE  ; Windows 10 ; 10.0       ; x86_64         ;
; Assembler            ; LAPTOP-688MF8BE  ; Windows 10 ; 10.0       ; x86_64         ;
; Timing Analyzer      ; LAPTOP-688MF8BE  ; Windows 10 ; 10.0       ; x86_64         ;
; EDA Netlist Writer   ; LAPTOP-688MF8BE  ; Windows 10 ; 10.0       ; x86_64         ;
+----------------------+------------------+------------+------------+----------------+


------------
; Flow Log ;
------------
quartus_map --read_settings_files=on --write_settings_files=off FPU -c FPU
quartus_fit --read_settings_files=off --write_settings_files=off FPU -c FPU
quartus_asm --read_settings_files=off --write_settings_files=off FPU -c FPU
quartus_sta FPU -c FPU
quartus_eda --read_settings_files=off --write_settings_files=off FPU -c FPU



